<?xml version="1.0" encoding="UTF-8"?>
<!-- Generated by org.testng.reporters.JUnitXMLReporter -->
<testsuite ignored="0" hostname="DESKTOP-F4K26IH" failures="0" tests="6" name="Default test" time="13.877" errors="0" timestamp="2025-01-06T19:35:41 IST">
  <testcase classname="api.test.DDUserTests" name="testPostUser" time="4.598"/>
  <testcase classname="api.test.DDUserTests" name="testPostUser" time="1.578"/>
  <testcase classname="api.test.DDUserTests" name="testPostUser" time="1.422"/>
  <testcase classname="api.test.DDUserTests" name="testDeleteUserByName" time="1.602"/>
  <testcase classname="api.test.DDUserTests" name="testDeleteUserByName" time="1.533"/>
  <testcase classname="api.test.DDUserTests" name="testDeleteUserByName" time="1.43"/>
</testsuite> <!-- Default test -->
