<?xml version="1.0" encoding="UTF-8"?>
<testng-results ignored="0" total="6" passed="6" failed="0" skipped="0">
  <reporter-output>
  </reporter-output>
  <suite started-at="2025-01-06T19:35:27 IST" name="Default suite" finished-at="2025-01-06T19:35:41 IST" duration-ms="13877">
    <groups>
    </groups>
    <test started-at="2025-01-06T19:35:27 IST" name="Default test" finished-at="2025-01-06T19:35:41 IST" duration-ms="13877">
      <class name="api.test.DDUserTests">
        <test-method signature="testPostUser(java.lang.String,java.lang.String,java.lang.String,java.lang.String,java.lang.String,java.lang.String,java.lang.String)[pri:1, instance:api.test.DDUserTests@5d0a1059]" started-at="2025-01-06T19:35:29 IST" name="testPostUser" data-provider="getAllData" finished-at="2025-01-06T19:35:33 IST" duration-ms="4598" status="PASS">
          <params>
            <param index="0">
              <value>
                <![CDATA[11]]>
              </value>
            </param>
            <param index="1">
              <value>
                <![CDATA[user11]]>
              </value>
            </param>
            <param index="2">
              <value>
                <![CDATA[aaa]]>
              </value>
            </param>
            <param index="3">
              <value>
                <![CDATA[AAA]]>
              </value>
            </param>
            <param index="4">
              <value>
                <![CDATA[aaa@ggail.com]]>
              </value>
            </param>
            <param index="5">
              <value>
                <![CDATA[test]]>
              </value>
            </param>
            <param index="6">
              <value>
                <![CDATA[1234567890]]>
              </value>
            </param>
          </params>
          <reporter-output>
          </reporter-output>
        </test-method> <!-- testPostUser -->
        <test-method signature="testPostUser(java.lang.String,java.lang.String,java.lang.String,java.lang.String,java.lang.String,java.lang.String,java.lang.String)[pri:1, instance:api.test.DDUserTests@5d0a1059]" started-at="2025-01-06T19:35:33 IST" name="testPostUser" data-provider="getAllData" finished-at="2025-01-06T19:35:35 IST" duration-ms="1578" status="PASS">
          <params>
            <param index="0">
              <value>
                <![CDATA[22]]>
              </value>
            </param>
            <param index="1">
              <value>
                <![CDATA[user22]]>
              </value>
            </param>
            <param index="2">
              <value>
                <![CDATA[bbb]]>
              </value>
            </param>
            <param index="3">
              <value>
                <![CDATA[BBB]]>
              </value>
            </param>
            <param index="4">
              <value>
                <![CDATA[bbb@ggail.com]]>
              </value>
            </param>
            <param index="5">
              <value>
                <![CDATA[test]]>
              </value>
            </param>
            <param index="6">
              <value>
                <![CDATA[1234567890]]>
              </value>
            </param>
          </params>
          <reporter-output>
          </reporter-output>
        </test-method> <!-- testPostUser -->
        <test-method signature="testPostUser(java.lang.String,java.lang.String,java.lang.String,java.lang.String,java.lang.String,java.lang.String,java.lang.String)[pri:1, instance:api.test.DDUserTests@5d0a1059]" started-at="2025-01-06T19:35:35 IST" name="testPostUser" data-provider="getAllData" finished-at="2025-01-06T19:35:36 IST" duration-ms="1422" status="PASS">
          <params>
            <param index="0">
              <value>
                <![CDATA[33]]>
              </value>
            </param>
            <param index="1">
              <value>
                <![CDATA[user33]]>
              </value>
            </param>
            <param index="2">
              <value>
                <![CDATA[ccc]]>
              </value>
            </param>
            <param index="3">
              <value>
                <![CDATA[CCC]]>
              </value>
            </param>
            <param index="4">
              <value>
                <![CDATA[ccc@ggail.com]]>
              </value>
            </param>
            <param index="5">
              <value>
                <![CDATA[test]]>
              </value>
            </param>
            <param index="6">
              <value>
                <![CDATA[1234567890]]>
              </value>
            </param>
          </params>
          <reporter-output>
          </reporter-output>
        </test-method> <!-- testPostUser -->
        <test-method signature="testDeleteUserByName(java.lang.String)[pri:2, instance:api.test.DDUserTests@5d0a1059]" started-at="2025-01-06T19:35:36 IST" name="testDeleteUserByName" data-provider="getUserNames" finished-at="2025-01-06T19:35:38 IST" duration-ms="1602" status="PASS">
          <params>
            <param index="0">
              <value>
                <![CDATA[user11]]>
              </value>
            </param>
          </params>
          <reporter-output>
          </reporter-output>
        </test-method> <!-- testDeleteUserByName -->
        <test-method signature="testDeleteUserByName(java.lang.String)[pri:2, instance:api.test.DDUserTests@5d0a1059]" started-at="2025-01-06T19:35:38 IST" name="testDeleteUserByName" data-provider="getUserNames" finished-at="2025-01-06T19:35:40 IST" duration-ms="1533" status="PASS">
          <params>
            <param index="0">
              <value>
                <![CDATA[user22]]>
              </value>
            </param>
          </params>
          <reporter-output>
          </reporter-output>
        </test-method> <!-- testDeleteUserByName -->
        <test-method signature="testDeleteUserByName(java.lang.String)[pri:2, instance:api.test.DDUserTests@5d0a1059]" started-at="2025-01-06T19:35:40 IST" name="testDeleteUserByName" data-provider="getUserNames" finished-at="2025-01-06T19:35:41 IST" duration-ms="1430" status="PASS">
          <params>
            <param index="0">
              <value>
                <![CDATA[user33]]>
              </value>
            </param>
          </params>
          <reporter-output>
          </reporter-output>
        </test-method> <!-- testDeleteUserByName -->
      </class> <!-- api.test.DDUserTests -->
    </test> <!-- Default test -->
  </suite> <!-- Default suite -->
</testng-results>
