<?xml version="1.0" encoding="UTF-8"?>
<testng-results ignored="0" total="1" passed="1" failed="0" skipped="0">
  <reporter-output>
  </reporter-output>
  <suite started-at="2025-01-05T19:53:53 IST" name="Default suite" finished-at="2025-01-05T19:53:58 IST" duration-ms="4982">
    <groups>
    </groups>
    <test started-at="2025-01-05T19:53:53 IST" name="Default test" finished-at="2025-01-05T19:53:58 IST" duration-ms="4982">
      <class name="api.test.UserTests">
        <test-method is-config="true" signature="setupData()[pri:0, instance:api.test.UserTests@659499f1]" started-at="2025-01-05T19:53:53 IST" name="setupData" finished-at="2025-01-05T19:53:53 IST" duration-ms="468" status="PASS">
          <reporter-output>
          </reporter-output>
        </test-method> <!-- setupData -->
        <test-method signature="testPostUser()[pri:1, instance:api.test.UserTests@659499f1]" started-at="2025-01-05T19:53:53 IST" name="testPostUser" finished-at="2025-01-05T19:53:58 IST" duration-ms="4428" status="PASS">
          <reporter-output>
          </reporter-output>
        </test-method> <!-- testPostUser -->
      </class> <!-- api.test.UserTests -->
    </test> <!-- Default test -->
  </suite> <!-- Default suite -->
</testng-results>
